<?xml version="1.0" encoding="UTF-8"?>
<!-- Generated by org.testng.reporters.JUnitReportReporter -->
<testsuite skipped="0" hostname="Varuns-MacBook-Pro.local" name="com.cloudamize.cmp.automation.cucumber.runners.LoginTestRunner$RunTest" tests="1" failures="0" timestamp="19 Nov 2019 06:30:28 GMT" time="44.546" errors="0">
  <testcase name="feature" time="44.546" classname="com.cloudamize.cmp.automation.cucumber.runners.LoginTestRunner$RunTest"/>
</testsuite> <!-- com.cloudamize.cmp.automation.cucumber.runners.LoginTestRunner$RunTest -->
